This file contains any messages produced by compilers while
running configure, to aid debugging if configure makes a mistake.

It was created by shortfin configure 1.0, which was
generated by GNU Autoconf 2.67.  Invocation command line was

  $ ./configure --no-create --no-recursion

## --------- ##
## Platform. ##
## --------- ##

hostname = timothy
uname -m = i686
uname -r = 2.6.35-22-generic-pae
uname -s = Linux
uname -v = #35-Ubuntu SMP Sat Oct 16 22:16:51 UTC 2010

/usr/bin/uname -p = unknown
/bin/uname -X     = unknown

/bin/arch              = unknown
/usr/bin/arch -k       = unknown
/usr/convex/getsysinfo = unknown
/usr/bin/hostinfo      = unknown
/bin/machine           = unknown
/usr/bin/oslevel       = unknown
/bin/universe          = unknown

PATH: /usr/local/sbin
PATH: /usr/local/bin
PATH: /usr/sbin
PATH: /usr/bin
PATH: /sbin
PATH: /bin
PATH: /usr/games


## ----------- ##
## Core tests. ##
## ----------- ##

configure:2078: checking for a BSD-compatible install
configure:2146: result: /usr/bin/install -c
configure:2157: checking whether build environment is sane
configure:2207: result: yes
configure:2348: checking for a thread-safe mkdir -p
configure:2387: result: /bin/mkdir -p
configure:2400: checking for gawk
configure:2430: result: no
configure:2400: checking for mawk
configure:2416: found /usr/bin/mawk
configure:2427: result: mawk
configure:2438: checking whether make sets $(MAKE)
configure:2460: result: yes
configure:2584: checking for gcc
configure:2600: found /usr/bin/gcc
configure:2611: result: gcc
configure:2840: checking for C compiler version
configure:2849: gcc --version >&5
gcc (Ubuntu/Linaro 4.4.4-14ubuntu5) 4.4.5
Copyright (C) 2010 Free Software Foundation, Inc.
This is free software; see the source for copying conditions.  There is NO
warranty; not even for MERCHANTABILITY or FITNESS FOR A PARTICULAR PURPOSE.

configure:2860: $? = 0
configure:2849: gcc -v >&5
Using built-in specs.
Target: i686-linux-gnu
Configured with: ../src/configure -v --with-pkgversion='Ubuntu/Linaro 4.4.4-14ubuntu5' --with-bugurl=file:///usr/share/doc/gcc-4.4/README.Bugs --enable-languages=c,c++,fortran,objc,obj-c++ --prefix=/usr --program-suffix=-4.4 --enable-shared --enable-multiarch --enable-linker-build-id --with-system-zlib --libexecdir=/usr/lib --without-included-gettext --enable-threads=posix --with-gxx-include-dir=/usr/include/c++/4.4 --libdir=/usr/lib --enable-nls --with-sysroot=/ --enable-clocale=gnu --enable-libstdcxx-debug --enable-objc-gc --enable-targets=all --disable-werror --with-arch-32=i686 --with-tune=generic --enable-checking=release --build=i686-linux-gnu --host=i686-linux-gnu --target=i686-linux-gnu
Thread model: posix
gcc version 4.4.5 (Ubuntu/Linaro 4.4.4-14ubuntu5) 
configure:2860: $? = 0
configure:2849: gcc -V >&5
gcc: '-V' option must have argument
configure:2860: $? = 1
configure:2849: gcc -qversion >&5
gcc: unrecognized option '-qversion'
gcc: no input files
configure:2860: $? = 1
configure:2880: checking whether the C compiler works
configure:2902: gcc    conftest.c  >&5
configure:2906: $? = 0
configure:2954: result: yes
configure:2957: checking for C compiler default output file name
configure:2959: result: a.out
configure:2965: checking for suffix of executables
configure:2972: gcc -o conftest    conftest.c  >&5
configure:2976: $? = 0
configure:2998: result: 
configure:3020: checking whether we are cross compiling
configure:3028: gcc -o conftest    conftest.c  >&5
configure:3032: $? = 0
configure:3039: ./conftest
configure:3043: $? = 0
configure:3058: result: no
configure:3063: checking for suffix of object files
configure:3085: gcc -c   conftest.c >&5
configure:3089: $? = 0
configure:3110: result: o
configure:3114: checking whether we are using the GNU C compiler
configure:3133: gcc -c   conftest.c >&5
configure:3133: $? = 0
configure:3142: result: yes
configure:3151: checking whether gcc accepts -g
configure:3171: gcc -c -g  conftest.c >&5
configure:3171: $? = 0
configure:3212: result: yes
configure:3229: checking for gcc option to accept ISO C89
configure:3293: gcc  -c -g -O2  conftest.c >&5
configure:3293: $? = 0
configure:3306: result: none needed
configure:3337: checking for style of include used by make
configure:3365: result: GNU
configure:3390: checking dependency style of gcc
configure:3500: result: gcc3
configure:3516: checking whether gcc and cc understand -c and -o together
configure:3547: gcc -c conftest.c -o conftest2.o >&5
configure:3551: $? = 0
configure:3557: gcc -c conftest.c -o conftest2.o >&5
configure:3561: $? = 0
configure:3572: cc -c conftest.c >&5
configure:3576: $? = 0
configure:3584: cc -c conftest.c -o conftest2.o >&5
configure:3588: $? = 0
configure:3594: cc -c conftest.c -o conftest2.o >&5
configure:3598: $? = 0
configure:3616: result: yes
configure:3645: checking for sem_init in -lpthread
configure:3670: gcc -o conftest -g -O2   conftest.c -lpthread   >&5
configure:3670: $? = 0
configure:3679: result: yes
configure:3697: checking how to run the C preprocessor
configure:3728: gcc -E  conftest.c
configure:3728: $? = 0
configure:3742: gcc -E  conftest.c
conftest.c:10: fatal error: ac_nonexistent.h: No such file or directory
compilation terminated.
configure:3742: $? = 1
configure: failed program was:
| /* confdefs.h */
| #define PACKAGE_NAME "shortfin"
| #define PACKAGE_TARNAME "shortfin"
| #define PACKAGE_VERSION "1.0"
| #define PACKAGE_STRING "shortfin 1.0"
| #define PACKAGE_BUGREPORT ""
| #define PACKAGE_URL ""
| #define HAVE_LIBPTHREAD 1
| /* end confdefs.h.  */
| #include <ac_nonexistent.h>
configure:3767: result: gcc -E
configure:3787: gcc -E  conftest.c
configure:3787: $? = 0
configure:3801: gcc -E  conftest.c
conftest.c:10: fatal error: ac_nonexistent.h: No such file or directory
compilation terminated.
configure:3801: $? = 1
configure: failed program was:
| /* confdefs.h */
| #define PACKAGE_NAME "shortfin"
| #define PACKAGE_TARNAME "shortfin"
| #define PACKAGE_VERSION "1.0"
| #define PACKAGE_STRING "shortfin 1.0"
| #define PACKAGE_BUGREPORT ""
| #define PACKAGE_URL ""
| #define HAVE_LIBPTHREAD 1
| /* end confdefs.h.  */
| #include <ac_nonexistent.h>
configure:3830: checking for grep that handles long lines and -e
configure:3888: result: /bin/grep
configure:3893: checking for egrep
configure:3955: result: /bin/grep -E
configure:3960: checking for ANSI C header files
configure:3980: gcc -c -g -O2  conftest.c >&5
configure:3980: $? = 0
configure:4053: gcc -o conftest -g -O2   conftest.c -lpthread  >&5
configure:4053: $? = 0
configure:4053: ./conftest
configure:4053: $? = 0
configure:4064: result: yes
configure:4077: checking for sys/types.h
configure:4077: gcc -c -g -O2  conftest.c >&5
configure:4077: $? = 0
configure:4077: result: yes
configure:4077: checking for sys/stat.h
configure:4077: gcc -c -g -O2  conftest.c >&5
configure:4077: $? = 0
configure:4077: result: yes
configure:4077: checking for stdlib.h
configure:4077: gcc -c -g -O2  conftest.c >&5
configure:4077: $? = 0
configure:4077: result: yes
configure:4077: checking for string.h
configure:4077: gcc -c -g -O2  conftest.c >&5
configure:4077: $? = 0
configure:4077: result: yes
configure:4077: checking for memory.h
configure:4077: gcc -c -g -O2  conftest.c >&5
configure:4077: $? = 0
configure:4077: result: yes
configure:4077: checking for strings.h
configure:4077: gcc -c -g -O2  conftest.c >&5
configure:4077: $? = 0
configure:4077: result: yes
configure:4077: checking for inttypes.h
configure:4077: gcc -c -g -O2  conftest.c >&5
configure:4077: $? = 0
configure:4077: result: yes
configure:4077: checking for stdint.h
configure:4077: gcc -c -g -O2  conftest.c >&5
configure:4077: $? = 0
configure:4077: result: yes
configure:4077: checking for unistd.h
configure:4077: gcc -c -g -O2  conftest.c >&5
configure:4077: $? = 0
configure:4077: result: yes
configure:4092: checking stdio.h usability
configure:4092: gcc -c -g -O2  conftest.c >&5
configure:4092: $? = 0
configure:4092: result: yes
configure:4092: checking stdio.h presence
configure:4092: gcc -E  conftest.c
configure:4092: $? = 0
configure:4092: result: yes
configure:4092: checking for stdio.h
configure:4092: result: yes
configure:4092: checking for unistd.h
configure:4092: result: yes
configure:4092: checking for stdlib.h
configure:4092: result: yes
configure:4092: checking fcntl.h usability
configure:4092: gcc -c -g -O2  conftest.c >&5
configure:4092: $? = 0
configure:4092: result: yes
configure:4092: checking fcntl.h presence
configure:4092: gcc -E  conftest.c
configure:4092: $? = 0
configure:4092: result: yes
configure:4092: checking for fcntl.h
configure:4092: result: yes
configure:4092: checking pthread.h usability
configure:4092: gcc -c -g -O2  conftest.c >&5
configure:4092: $? = 0
configure:4092: result: yes
configure:4092: checking pthread.h presence
configure:4092: gcc -E  conftest.c
configure:4092: $? = 0
configure:4092: result: yes
configure:4092: checking for pthread.h
configure:4092: result: yes
configure:4092: checking sys/epoll.h usability
configure:4092: gcc -c -g -O2  conftest.c >&5
configure:4092: $? = 0
configure:4092: result: yes
configure:4092: checking sys/epoll.h presence
configure:4092: gcc -E  conftest.c
configure:4092: $? = 0
configure:4092: result: yes
configure:4092: checking for sys/epoll.h
configure:4092: result: yes
configure:4092: checking sys/event.h usability
configure:4092: gcc -c -g -O2  conftest.c >&5
conftest.c:59: fatal error: sys/event.h: No such file or directory
compilation terminated.
configure:4092: $? = 1
configure: failed program was:
| /* confdefs.h */
| #define PACKAGE_NAME "shortfin"
| #define PACKAGE_TARNAME "shortfin"
| #define PACKAGE_VERSION "1.0"
| #define PACKAGE_STRING "shortfin 1.0"
| #define PACKAGE_BUGREPORT ""
| #define PACKAGE_URL ""
| #define HAVE_LIBPTHREAD 1
| #define STDC_HEADERS 1
| #define HAVE_SYS_TYPES_H 1
| #define HAVE_SYS_STAT_H 1
| #define HAVE_STDLIB_H 1
| #define HAVE_STRING_H 1
| #define HAVE_MEMORY_H 1
| #define HAVE_STRINGS_H 1
| #define HAVE_INTTYPES_H 1
| #define HAVE_STDINT_H 1
| #define HAVE_UNISTD_H 1
| #define HAVE_STDIO_H 1
| #define HAVE_UNISTD_H 1
| #define HAVE_STDLIB_H 1
| #define HAVE_FCNTL_H 1
| #define HAVE_PTHREAD_H 1
| #define HAVE_SYS_EPOLL_H 1
| /* end confdefs.h.  */
| #include <stdio.h>
| #ifdef HAVE_SYS_TYPES_H
| # include <sys/types.h>
| #endif
| #ifdef HAVE_SYS_STAT_H
| # include <sys/stat.h>
| #endif
| #ifdef STDC_HEADERS
| # include <stdlib.h>
| # include <stddef.h>
| #else
| # ifdef HAVE_STDLIB_H
| #  include <stdlib.h>
| # endif
| #endif
| #ifdef HAVE_STRING_H
| # if !defined STDC_HEADERS && defined HAVE_MEMORY_H
| #  include <memory.h>
| # endif
| # include <string.h>
| #endif
| #ifdef HAVE_STRINGS_H
| # include <strings.h>
| #endif
| #ifdef HAVE_INTTYPES_H
| # include <inttypes.h>
| #endif
| #ifdef HAVE_STDINT_H
| # include <stdint.h>
| #endif
| #ifdef HAVE_UNISTD_H
| # include <unistd.h>
| #endif
| #include <sys/event.h>
configure:4092: result: no
configure:4092: checking sys/event.h presence
configure:4092: gcc -E  conftest.c
conftest.c:26: fatal error: sys/event.h: No such file or directory
compilation terminated.
configure:4092: $? = 1
configure: failed program was:
| /* confdefs.h */
| #define PACKAGE_NAME "shortfin"
| #define PACKAGE_TARNAME "shortfin"
| #define PACKAGE_VERSION "1.0"
| #define PACKAGE_STRING "shortfin 1.0"
| #define PACKAGE_BUGREPORT ""
| #define PACKAGE_URL ""
| #define HAVE_LIBPTHREAD 1
| #define STDC_HEADERS 1
| #define HAVE_SYS_TYPES_H 1
| #define HAVE_SYS_STAT_H 1
| #define HAVE_STDLIB_H 1
| #define HAVE_STRING_H 1
| #define HAVE_MEMORY_H 1
| #define HAVE_STRINGS_H 1
| #define HAVE_INTTYPES_H 1
| #define HAVE_STDINT_H 1
| #define HAVE_UNISTD_H 1
| #define HAVE_STDIO_H 1
| #define HAVE_UNISTD_H 1
| #define HAVE_STDLIB_H 1
| #define HAVE_FCNTL_H 1
| #define HAVE_PTHREAD_H 1
| #define HAVE_SYS_EPOLL_H 1
| /* end confdefs.h.  */
| #include <sys/event.h>
configure:4092: result: no
configure:4092: checking for sys/event.h
configure:4092: result: no
configure:4092: checking signal.h usability
configure:4092: gcc -c -g -O2  conftest.c >&5
configure:4092: $? = 0
configure:4092: result: yes
configure:4092: checking signal.h presence
configure:4092: gcc -E  conftest.c
configure:4092: $? = 0
configure:4092: result: yes
configure:4092: checking for signal.h
configure:4092: result: yes
configure:4092: checking netinet/tcp.h usability
configure:4092: gcc -c -g -O2  conftest.c >&5
configure:4092: $? = 0
configure:4092: result: yes
configure:4092: checking netinet/tcp.h presence
configure:4092: gcc -E  conftest.c
configure:4092: $? = 0
configure:4092: result: yes
configure:4092: checking for netinet/tcp.h
configure:4092: result: yes
configure:4092: checking sched.h usability
configure:4092: gcc -c -g -O2  conftest.c >&5
configure:4092: $? = 0
configure:4092: result: yes
configure:4092: checking sched.h presence
configure:4092: gcc -E  conftest.c
configure:4092: $? = 0
configure:4092: result: yes
configure:4092: checking for sched.h
configure:4092: result: yes
configure:4225: creating ./config.status

## ---------------- ##
## Cache variables. ##
## ---------------- ##

ac_cv_c_compiler_gnu=yes
ac_cv_env_CC_set=
ac_cv_env_CC_value=
ac_cv_env_CFLAGS_set=
ac_cv_env_CFLAGS_value=
ac_cv_env_CPPFLAGS_set=
ac_cv_env_CPPFLAGS_value=
ac_cv_env_CPP_set=
ac_cv_env_CPP_value=
ac_cv_env_LDFLAGS_set=
ac_cv_env_LDFLAGS_value=
ac_cv_env_LIBS_set=
ac_cv_env_LIBS_value=
ac_cv_env_build_alias_set=
ac_cv_env_build_alias_value=
ac_cv_env_host_alias_set=
ac_cv_env_host_alias_value=
ac_cv_env_target_alias_set=
ac_cv_env_target_alias_value=
ac_cv_header_fcntl_h=yes
ac_cv_header_inttypes_h=yes
ac_cv_header_memory_h=yes
ac_cv_header_netinet_tcp_h=yes
ac_cv_header_pthread_h=yes
ac_cv_header_sched_h=yes
ac_cv_header_signal_h=yes
ac_cv_header_stdc=yes
ac_cv_header_stdint_h=yes
ac_cv_header_stdio_h=yes
ac_cv_header_stdlib_h=yes
ac_cv_header_string_h=yes
ac_cv_header_strings_h=yes
ac_cv_header_sys_epoll_h=yes
ac_cv_header_sys_event_h=no
ac_cv_header_sys_stat_h=yes
ac_cv_header_sys_types_h=yes
ac_cv_header_unistd_h=yes
ac_cv_lib_pthread_sem_init=yes
ac_cv_objext=o
ac_cv_path_EGREP='/bin/grep -E'
ac_cv_path_GREP=/bin/grep
ac_cv_path_install='/usr/bin/install -c'
ac_cv_path_mkdir=/bin/mkdir
ac_cv_prog_AWK=mawk
ac_cv_prog_CPP='gcc -E'
ac_cv_prog_ac_ct_CC=gcc
ac_cv_prog_cc_c89=
ac_cv_prog_cc_g=yes
ac_cv_prog_cc_gcc_c_o=yes
ac_cv_prog_make_make_set=yes
am_cv_CC_dependencies_compiler_type=gcc3

## ----------------- ##
## Output variables. ##
## ----------------- ##

ACLOCAL='${SHELL} /home/timothy/Projects/shortfin/missing --run aclocal-1.11'
AMDEPBACKSLASH='\'
AMDEP_FALSE='#'
AMDEP_TRUE=''
AMTAR='${SHELL} /home/timothy/Projects/shortfin/missing --run tar'
AUTOCONF='${SHELL} /home/timothy/Projects/shortfin/missing --run autoconf'
AUTOHEADER='${SHELL} /home/timothy/Projects/shortfin/missing --run autoheader'
AUTOMAKE='${SHELL} /home/timothy/Projects/shortfin/missing --run automake-1.11'
AWK='mawk'
CC='gcc'
CCDEPMODE='depmode=gcc3'
CFLAGS='-g -O2'
CPP='gcc -E'
CPPFLAGS=''
CYGPATH_W='echo'
DEFS='-DHAVE_CONFIG_H'
DEPDIR='.deps'
ECHO_C=''
ECHO_N='-n'
ECHO_T=''
EGREP='/bin/grep -E'
EXEEXT=''
GREP='/bin/grep'
INSTALL_DATA='${INSTALL} -m 644'
INSTALL_PROGRAM='${INSTALL}'
INSTALL_SCRIPT='${INSTALL}'
INSTALL_STRIP_PROGRAM='$(install_sh) -c -s'
LDFLAGS=''
LIBOBJS=''
LIBS='-lpthread '
LTLIBOBJS=''
MAKEINFO='${SHELL} /home/timothy/Projects/shortfin/missing --run makeinfo'
MKDIR_P='/bin/mkdir -p'
OBJEXT='o'
PACKAGE='shortfin'
PACKAGE_BUGREPORT=''
PACKAGE_NAME='shortfin'
PACKAGE_STRING='shortfin 1.0'
PACKAGE_TARNAME='shortfin'
PACKAGE_URL=''
PACKAGE_VERSION='1.0'
PATH_SEPARATOR=':'
SET_MAKE=''
SHELL='/bin/bash'
STRIP=''
VERSION='1.0'
ac_ct_CC='gcc'
am__EXEEXT_FALSE=''
am__EXEEXT_TRUE='#'
am__fastdepCC_FALSE='#'
am__fastdepCC_TRUE=''
am__include='include'
am__isrc=''
am__leading_dot='.'
am__quote=''
am__tar='${AMTAR} chof - "$$tardir"'
am__untar='${AMTAR} xf -'
bindir='${exec_prefix}/bin'
build_alias=''
datadir='${datarootdir}'
datarootdir='${prefix}/share'
docdir='${datarootdir}/doc/${PACKAGE_TARNAME}'
dvidir='${docdir}'
exec_prefix='${prefix}'
host_alias=''
htmldir='${docdir}'
includedir='${prefix}/include'
infodir='${datarootdir}/info'
install_sh='${SHELL} /home/timothy/Projects/shortfin/install-sh'
libdir='${exec_prefix}/lib'
libexecdir='${exec_prefix}/libexec'
localedir='${datarootdir}/locale'
localstatedir='${prefix}/var'
mandir='${datarootdir}/man'
mkdir_p='/bin/mkdir -p'
oldincludedir='/usr/include'
pdfdir='${docdir}'
prefix='/usr/local'
program_transform_name='s,x,x,'
psdir='${docdir}'
sbindir='${exec_prefix}/sbin'
sharedstatedir='${prefix}/com'
sysconfdir='${prefix}/etc'
target_alias=''

## ----------- ##
## confdefs.h. ##
## ----------- ##

/* confdefs.h */
#define PACKAGE_NAME "shortfin"
#define PACKAGE_TARNAME "shortfin"
#define PACKAGE_VERSION "1.0"
#define PACKAGE_STRING "shortfin 1.0"
#define PACKAGE_BUGREPORT ""
#define PACKAGE_URL ""
#define HAVE_LIBPTHREAD 1
#define STDC_HEADERS 1
#define HAVE_SYS_TYPES_H 1
#define HAVE_SYS_STAT_H 1
#define HAVE_STDLIB_H 1
#define HAVE_STRING_H 1
#define HAVE_MEMORY_H 1
#define HAVE_STRINGS_H 1
#define HAVE_INTTYPES_H 1
#define HAVE_STDINT_H 1
#define HAVE_UNISTD_H 1
#define HAVE_STDIO_H 1
#define HAVE_UNISTD_H 1
#define HAVE_STDLIB_H 1
#define HAVE_FCNTL_H 1
#define HAVE_PTHREAD_H 1
#define HAVE_SYS_EPOLL_H 1
#define HAVE_SIGNAL_H 1
#define HAVE_NETINET_TCP_H 1
#define HAVE_SCHED_H 1

configure: exit 0

## ---------------------- ##
## Running config.status. ##
## ---------------------- ##

This file was extended by shortfin config.status 1.0, which was
generated by GNU Autoconf 2.67.  Invocation command line was

  CONFIG_FILES    = 
  CONFIG_HEADERS  = 
  CONFIG_LINKS    = 
  CONFIG_COMMANDS = 
  $ ./config.status 

on timothy

config.status:864: creating Makefile
config.status:864: creating src/config.h
config.status:1044: src/config.h is unchanged
config.status:1092: executing depfiles commands
